INFO 2026-03-16 09:01:38 django.utils.autoreload autoreload run_with_reloader:668 - Watching for file changes with StatReloader
INFO 2026-03-16 09:23:40 django.utils.autoreload autoreload run_with_reloader:668 - Watching for file changes with StatReloader
INFO 2026-03-16 09:26:29 django.utils.autoreload autoreload run_with_reloader:668 - Watching for file changes with StatReloader
INFO 2026-03-16 09:27:17 django.utils.autoreload autoreload run_with_reloader:668 - Watching for file changes with StatReloader
INFO 2026-03-16 09:29:34 django.utils.autoreload autoreload run_with_reloader:668 - Watching for file changes with StatReloader
INFO 2026-03-16 09:31:03 django.utils.autoreload autoreload run_with_reloader:668 - Watching for file changes with StatReloader
INFO 2026-03-16 09:42:00 django.utils.autoreload autoreload trigger_reload:266 - C:\Users\luisfer\Documents\Visual-Code\sistema-graduacion\config\settings.py changed, reloading.
INFO 2026-03-16 09:42:00 django.utils.autoreload autoreload trigger_reload:266 - C:\Users\luisfer\Documents\Visual-Code\sistema-graduacion\config\settings.py changed, reloading.
INFO 2026-03-16 09:42:04 django.utils.autoreload autoreload run_with_reloader:668 - Watching for file changes with StatReloader
INFO 2026-03-16 09:42:04 django.utils.autoreload autoreload run_with_reloader:668 - Watching for file changes with StatReloader
INFO 2026-03-16 09:45:28 django.utils.autoreload autoreload run_with_reloader:668 - Watching for file changes with StatReloader
WARNING 2026-03-16 09:46:16 django.server basehttp log_message:212 - "GET /api/reportes/dashboard-general/ HTTP/1.1" 401 128
WARNING 2026-03-16 09:46:30 django.server basehttp log_message:212 - "POST /api/auth/login/ HTTP/1.1" 400 177
WARNING 2026-03-16 09:47:03 django.server basehttp log_message:212 - "POST /api/auth/login/ HTTP/1.1" 400 177
WARNING 2026-03-16 09:48:06 django.server basehttp log_message:212 - "POST /api/auth/login/ HTTP/1.1" 400 177
INFO 2026-03-16 09:58:03 django.utils.autoreload autoreload trigger_reload:266 - C:\Users\luisfer\Documents\Visual-Code\sistema-graduacion\config\exception_handler.py changed, reloading.
INFO 2026-03-16 09:58:04 django.utils.autoreload autoreload trigger_reload:266 - C:\Users\luisfer\Documents\Visual-Code\sistema-graduacion\config\settings.py changed, reloading.
INFO 2026-03-16 09:58:03 django.utils.autoreload autoreload trigger_reload:266 - C:\Users\luisfer\Documents\Visual-Code\sistema-graduacion\config\settings.py changed, reloading.
INFO 2026-03-16 09:58:06 django.utils.autoreload autoreload run_with_reloader:668 - Watching for file changes with StatReloader
INFO 2026-03-16 09:58:07 django.utils.autoreload autoreload run_with_reloader:668 - Watching for file changes with StatReloader
INFO 2026-03-16 09:58:07 django.utils.autoreload autoreload run_with_reloader:668 - Watching for file changes with StatReloader
